\BOOKMARK [0][-]{chapter.1}{\376\377\000P\000r\000\351\000s\000e\000n\000t\000a\000t\000i\000o\000n\000\040\000d\000e\000\040\000l\000'\000a\000p\000p\000l\000i\000c\000a\000t\000i\000o\000n}{}% 1
\BOOKMARK [1][-]{section.1.1}{\376\377\000P\000e\000r\000s\000o\000n\000a\000s\000\040\000e\000t\000\040\000f\000o\000n\000c\000t\000i\000o\000n\000n\000a\000l\000i\000t\000\351\000s}{chapter.1}% 2
\BOOKMARK [0][-]{chapter.2}{\376\377\000A\000n\000a\000l\000y\000t\000i\000c\000s}{}% 3
\BOOKMARK [1][-]{section.2.1}{\376\377\000O\000b\000j\000e\000c\000t\000i\000f}{chapter.2}% 4
\BOOKMARK [1][-]{section.2.2}{\376\377\000P\000r\000\351\000s\000e\000n\000t\000a\000t\000i\000o\000n\000\040\000d\000u\000\040\000j\000e\000u\000\040\000d\000e\000\040\000d\000o\000n\000n\000\351\000e\000s}{chapter.2}% 5
\BOOKMARK [2][-]{subsection.2.2.1}{\376\377\000P\000r\000\351\000s\000e\000n\000t\000a\000t\000i\000o\000n\000\040\000d\000e\000s\000\040\000d\000o\000n\000n\000\351\000e\000s}{section.2.2}% 6
\BOOKMARK [2][-]{subsection.2.2.2}{\376\377\000B\000i\000a\000i\000s}{section.2.2}% 7
\BOOKMARK [1][-]{section.2.3}{\376\377\000T\000r\000a\000i\000t\000e\000m\000e\000n\000t\000\040\000s\000u\000r\000\040\000l\000e\000\040\000j\000e\000u\000\040\000d\000e\000\040\000d\000o\000n\000n\000\351\000e\000s}{chapter.2}% 8
\BOOKMARK [2][-]{subsection.2.3.1}{\376\377\000E\000x\000t\000r\000a\000c\000t\000i\000o\000n\000\040\000d\040\031\000i\000n\000f\000o\000r\000m\000a\000t\000i\000o\000n\000s\000\040\000s\000u\000p\000p\000l\000\351\000m\000e\000n\000t\000a\000i\000r\000e\000s}{section.2.3}% 9
\BOOKMARK [2][-]{subsection.2.3.2}{\376\377\000C\000o\000l\000o\000n\000n\000e\000s\000\040\000m\000o\000d\000i\000f\000i\000\351\000e\000s}{section.2.3}% 10
\BOOKMARK [1][-]{section.2.4}{\376\377\000C\000h\000o\000i\000x\000\040\000d\000e\000\040\000l\040\031\000a\000n\000a\000l\000y\000s\000e}{chapter.2}% 11
\BOOKMARK [1][-]{section.2.5}{\376\377\000A\000n\000a\000l\000y\000s\000e}{chapter.2}% 12
\BOOKMARK [2][-]{subsection.2.5.1}{\376\377\000A\000n\000a\000l\000y\000s\000e\000\040\000g\000\351\000n\000\351\000r\000a\000l\000e}{section.2.5}% 13
\BOOKMARK [2][-]{subsection.2.5.2}{\376\377\000A\000n\000a\000l\000y\000s\000e\000\040\000d\000e\000s\000\040\000b\000i\000e\000n\000s}{section.2.5}% 14
\BOOKMARK [2][-]{subsection.2.5.3}{\376\377\000T\000e\000n\000d\000a\000n\000c\000e\000s\000\040\000d\000u\000\040\000m\000a\000r\000c\000h\000\351\000\040\000p\000a\000r\000\040\000v\000i\000l\000l\000e}{section.2.5}% 15
\BOOKMARK [2][-]{subsection.2.5.4}{\376\377\000A\000n\000a\000l\000y\000s\000e\000\040\000d\000e\000s\000\040\000a\000n\000n\000o\000n\000c\000e\000s}{section.2.5}% 16
\BOOKMARK [2][-]{subsection.2.5.5}{\376\377\000C\000a\000r\000t\000e\000\040\000i\000n\000t\000e\000r\000a\000c\000t\000i\000v\000e}{section.2.5}% 17
\BOOKMARK [0][-]{chapter.3}{\376\377\000M\000a\000c\000h\000i\000n\000e\000\040\000l\000e\000a\000r\000n\000i\000n\000g}{}% 18
\BOOKMARK [1][-]{section.3.1}{\376\377\000P\000r\000i\000n\000c\000i\000p\000e}{chapter.3}% 19
\BOOKMARK [2][-]{subsection.3.1.1}{\376\377\000I\000d\000\351\000e\000s}{section.3.1}% 20
\BOOKMARK [2][-]{subsection.3.1.2}{\376\377\000P\000r\000i\000n\000c\000i\000p\000e\000\040\000r\000e\000t\000e\000n\000u}{section.3.1}% 21
\BOOKMARK [1][-]{section.3.2}{\376\377\000N\000e\000t\000t\000o\000y\000a\000g\000e\000\040\000d\000e\000s\000\040\000d\000o\000n\000n\000\351\000e\000s}{chapter.3}% 22
\BOOKMARK [1][-]{section.3.3}{\376\377\000T\000r\000a\000n\000s\000f\000o\000r\000m\000a\000t\000i\000o\000n\000\040\000d\000e\000s\000\040\000d\000o\000n\000n\000\351\000e\000s}{chapter.3}% 23
\BOOKMARK [1][-]{section.3.4}{\376\377\000S\000\351\000l\000e\000c\000t\000i\000o\000n\000\040\000d\000e\000s\000\040\000m\000o\000d\000\350\000l\000e\000s}{chapter.3}% 24
\BOOKMARK [1][-]{section.3.5}{\376\377\000E\000n\000t\000r\000a\000\356\000n\000e\000m\000e\000n\000t}{chapter.3}% 25
\BOOKMARK [1][-]{section.3.6}{\376\377\000O\000p\000t\000i\000m\000i\000s\000a\000t\000i\000o\000n\000\040\000d\000e\000s\000\040\000h\000y\000p\000e\000r\000p\000a\000r\000a\000m\000\350\000t\000r\000e\000s}{chapter.3}% 26
\BOOKMARK [1][-]{section.3.7}{\376\377\000A\000C\000P\000,\000\040\000r\000\351\000d\000u\000c\000t\000i\000o\000n\000\040\000d\000e\000\040\000d\000i\000m\000e\000n\000s\000i\000o\000n}{chapter.3}% 27
\BOOKMARK [1][-]{section.3.8}{\376\377\000V\000a\000l\000i\000d\000a\000t\000i\000o\000n\000\040\000c\000r\000o\000i\000s\000\351\000e}{chapter.3}% 28
\BOOKMARK [0][-]{section.3.8}{\376\377\000W\000e\000b\000o\000g\000r\000a\000p\000h\000i\000e}{}% 29
